Started GET "/" for 10.240.1.21 at 2018-04-18 22:55:43 +0000
Cannot render console from 10.240.1.21! Allowed networks: 127.0.0.1, ::1, 127.0.0.0/127.255.255.255
  
ActiveRecord::PendingMigrationError (

Migrations are pending. To resolve this issue, run:

        bin/rails db:migrate RAILS_ENV=development

):
  
activerecord (5.0.7) lib/active_record/migration.rb:573:in `check_pending!'
activerecord (5.0.7) lib/active_record/migration.rb:549:in `call'
actionpack (5.0.7) lib/action_dispatch/middleware/callbacks.rb:38:in `block in call'
activesupport (5.0.7) lib/active_support/callbacks.rb:97:in `__run_callbacks__'
activesupport (5.0.7) lib/active_support/callbacks.rb:750:in `_run_call_callbacks'
activesupport (5.0.7) lib/active_support/callbacks.rb:90:in `run_callbacks'
actionpack (5.0.7) lib/action_dispatch/middleware/callbacks.rb:36:in `call'
actionpack (5.0.7) lib/action_dispatch/middleware/executor.rb:12:in `call'
actionpack (5.0.7) lib/action_dispatch/middleware/remote_ip.rb:79:in `call'
actionpack (5.0.7) lib/action_dispatch/middleware/debug_exceptions.rb:49:in `call'
web-console (3.5.1) lib/web_console/middleware.rb:135:in `call_app'
web-console (3.5.1) lib/web_console/middleware.rb:20:in `block in call'
web-console (3.5.1) lib/web_console/middleware.rb:18:in `catch'
web-console (3.5.1) lib/web_console/middleware.rb:18:in `call'
actionpack (5.0.7) lib/action_dispatch/middleware/show_exceptions.rb:31:in `call'
railties (5.0.7) lib/rails/rack/logger.rb:36:in `call_app'
railties (5.0.7) lib/rails/rack/logger.rb:24:in `block in call'
activesupport (5.0.7) lib/active_support/tagged_logging.rb:69:in `block in tagged'
activesupport (5.0.7) lib/active_support/tagged_logging.rb:26:in `tagged'
activesupport (5.0.7) lib/active_support/tagged_logging.rb:69:in `tagged'
railties (5.0.7) lib/rails/rack/logger.rb:24:in `call'
sprockets-rails (3.2.1) lib/sprockets/rails/quiet_assets.rb:13:in `call'
actionpack (5.0.7) lib/action_dispatch/middleware/request_id.rb:24:in `call'
rack (2.0.4) lib/rack/method_override.rb:22:in `call'
rack (2.0.4) lib/rack/runtime.rb:22:in `call'
activesupport (5.0.7) lib/active_support/cache/strategy/local_cache_middleware.rb:28:in `call'
actionpack (5.0.7) lib/action_dispatch/middleware/executor.rb:12:in `call'
actionpack (5.0.7) lib/action_dispatch/middleware/static.rb:136:in `call'
rack (2.0.4) lib/rack/sendfile.rb:111:in `call'
railties (5.0.7) lib/rails/engine.rb:522:in `call'
puma (3.11.3) lib/puma/configuration.rb:225:in `call'
puma (3.11.3) lib/puma/server.rb:624:in `handle_request'
puma (3.11.3) lib/puma/server.rb:438:in `process_client'
puma (3.11.3) lib/puma/server.rb:302:in `block in run'
puma (3.11.3) lib/puma/thread_pool.rb:120:in `block in spawn_thread'
  Rendering /usr/local/rvm/gems/ruby-2.4.0/gems/actionpack-5.0.7/lib/action_dispatch/middleware/templates/rescues/diagnostics.html.erb within rescues/layout
  Rendering /usr/local/rvm/gems/ruby-2.4.0/gems/actionpack-5.0.7/lib/action_dispatch/middleware/templates/rescues/_source.html.erb
  Rendered /usr/local/rvm/gems/ruby-2.4.0/gems/actionpack-5.0.7/lib/action_dispatch/middleware/templates/rescues/_source.html.erb (2.2ms)
  Rendering /usr/local/rvm/gems/ruby-2.4.0/gems/actionpack-5.0.7/lib/action_dispatch/middleware/templates/rescues/_trace.html.erb
  Rendered /usr/local/rvm/gems/ruby-2.4.0/gems/actionpack-5.0.7/lib/action_dispatch/middleware/templates/rescues/_trace.html.erb (1.3ms)
  Rendering /usr/local/rvm/gems/ruby-2.4.0/gems/actionpack-5.0.7/lib/action_dispatch/middleware/templates/rescues/_request_and_response.html.erb
  Rendered /usr/local/rvm/gems/ruby-2.4.0/gems/actionpack-5.0.7/lib/action_dispatch/middleware/templates/rescues/_request_and_response.html.erb (1.0ms)
  Rendered /usr/local/rvm/gems/ruby-2.4.0/gems/actionpack-5.0.7/lib/action_dispatch/middleware/templates/rescues/diagnostics.html.erb within rescues/layout (33.1ms)
  [1m[35m (17.4ms)[0m  [1m[35mCREATE TABLE "schema_migrations" ("version" varchar NOT NULL PRIMARY KEY)[0m
  [1m[35m (14.7ms)[0m  [1m[35mCREATE TABLE "ar_internal_metadata" ("key" varchar NOT NULL PRIMARY KEY, "value" varchar, "created_at" datetime NOT NULL, "updated_at" datetime NOT NULL)[0m
  [1m[36mActiveRecord::SchemaMigration Load (0.2ms)[0m  [1m[34mSELECT "schema_migrations".* FROM "schema_migrations"[0m
Migrating to CreateCondominios (20180404153950)
  [1m[35m (0.1ms)[0m  [1m[36mbegin transaction[0m
  [1m[35m (0.4ms)[0m  [1m[35mCREATE TABLE "condominios" ("id" INTEGER PRIMARY KEY AUTOINCREMENT NOT NULL, "saldo" decimal, "fundo_reserva" decimal, "created_at" datetime NOT NULL, "updated_at" datetime NOT NULL)[0m
  [1m[35mSQL (0.1ms)[0m  [1m[32mINSERT INTO "schema_migrations" ("version") VALUES (?)[0m  [["version", "20180404153950"]]
  [1m[35m (14.4ms)[0m  [1m[36mcommit transaction[0m
Migrating to CreateUsuarios (20180404153956)
  [1m[35m (0.1ms)[0m  [1m[36mbegin transaction[0m
  [1m[35m (0.4ms)[0m  [1m[35mCREATE TABLE "usuarios" ("id" INTEGER PRIMARY KEY AUTOINCREMENT NOT NULL, "nome" varchar, "login" varchar, "senha" varchar, "ativo" boolean, "data_inclusao" datetime, "data_alteracao" datetime, "condominio_id" integer, "created_at" datetime NOT NULL, "updated_at" datetime NOT NULL)[0m
  [1m[35m (0.1ms)[0m  [1m[34mselect sqlite_version(*)[0m
  [1m[35m (0.2ms)[0m  [1m[35mCREATE  INDEX "index_usuarios_on_condominio_id" ON "usuarios" ("condominio_id")[0m
  [1m[35mSQL (0.1ms)[0m  [1m[32mINSERT INTO "schema_migrations" ("version") VALUES (?)[0m  [["version", "20180404153956"]]
  [1m[35m (14.1ms)[0m  [1m[36mcommit transaction[0m
Migrating to CreateApartamentos (20180404154001)
  [1m[35m (0.1ms)[0m  [1m[36mbegin transaction[0m
  [1m[35m (0.9ms)[0m  [1m[35mCREATE TABLE "apartamentos" ("id" INTEGER PRIMARY KEY AUTOINCREMENT NOT NULL, "unidade" varchar, "ativo" boolean, "data_inclusao" datetime, "data_alteracao" datetime, "condominio_id" integer, "created_at" datetime NOT NULL, "updated_at" datetime NOT NULL)[0m
  [1m[35m (0.1ms)[0m  [1m[35mCREATE  INDEX "index_apartamentos_on_condominio_id" ON "apartamentos" ("condominio_id")[0m
  [1m[35mSQL (0.1ms)[0m  [1m[32mINSERT INTO "schema_migrations" ("version") VALUES (?)[0m  [["version", "20180404154001"]]
  [1m[35m (13.4ms)[0m  [1m[36mcommit transaction[0m
Migrating to CreateFuncionarios (20180404154007)
  [1m[35m (0.1ms)[0m  [1m[36mbegin transaction[0m
  [1m[35m (0.4ms)[0m  [1m[35mCREATE TABLE "funcionarios" ("id" INTEGER PRIMARY KEY AUTOINCREMENT NOT NULL, "nome" varchar, "tel" varchar, "dias_autorizados" varchar, "ativo" boolean, "data_inclusao" datetime, "data_alteracao" datetime, "apartamento_id" integer, "created_at" datetime NOT NULL, "updated_at" datetime NOT NULL)[0m
  [1m[35m (0.1ms)[0m  [1m[35mCREATE  INDEX "index_funcionarios_on_apartamento_id" ON "funcionarios" ("apartamento_id")[0m
  [1m[35mSQL (0.1ms)[0m  [1m[32mINSERT INTO "schema_migrations" ("version") VALUES (?)[0m  [["version", "20180404154007"]]
  [1m[35m (13.5ms)[0m  [1m[36mcommit transaction[0m
Migrating to CreateVeiculos (20180404154011)
  [1m[35m (0.1ms)[0m  [1m[36mbegin transaction[0m
  [1m[35m (0.4ms)[0m  [1m[35mCREATE TABLE "veiculos" ("id" INTEGER PRIMARY KEY AUTOINCREMENT NOT NULL, "marca" varchar, "modelo" varchar, "cor" varchar, "placa" varchar, "ativo" boolean, "data_inclusao" datetime, "data_alteracao" datetime, "apartamento_id" integer, "created_at" datetime NOT NULL, "updated_at" datetime NOT NULL)[0m
  [1m[35m (0.2ms)[0m  [1m[35mCREATE  INDEX "index_veiculos_on_apartamento_id" ON "veiculos" ("apartamento_id")[0m
  [1m[35mSQL (0.1ms)[0m  [1m[32mINSERT INTO "schema_migrations" ("version") VALUES (?)[0m  [["version", "20180404154011"]]
  [1m[35m (13.6ms)[0m  [1m[36mcommit transaction[0m
Migrating to CreateMoradors (20180404154015)
  [1m[35m (0.1ms)[0m  [1m[36mbegin transaction[0m
  [1m[35m (0.4ms)[0m  [1m[35mCREATE TABLE "moradors" ("id" INTEGER PRIMARY KEY AUTOINCREMENT NOT NULL, "nome" varchar, "rg" varchar, "cpf" varchar, "tel_residencial" varchar, "tel_celular" varchar, "tel_comercial" varchar, "ramal" varchar, "email" varchar, "parentesco" varchar, "tipo" varchar, "ativo" boolean, "data_inclusao" datetime, "data_alteracao" datetime, "apartamento_id" integer, "created_at" datetime NOT NULL, "updated_at" datetime NOT NULL)[0m
  [1m[35m (0.1ms)[0m  [1m[35mCREATE  INDEX "index_moradors_on_apartamento_id" ON "moradors" ("apartamento_id")[0m
  [1m[35mSQL (0.1ms)[0m  [1m[32mINSERT INTO "schema_migrations" ("version") VALUES (?)[0m  [["version", "20180404154015"]]
  [1m[35m (12.7ms)[0m  [1m[36mcommit transaction[0m
Migrating to CreateDescricaoTipos (20180404154038)
  [1m[35m (0.1ms)[0m  [1m[36mbegin transaction[0m
  [1m[35m (0.4ms)[0m  [1m[35mCREATE TABLE "descricao_tipos" ("id" INTEGER PRIMARY KEY AUTOINCREMENT NOT NULL, "nome" varchar, "natureza" varchar, "valor_fixo" decimal, "ativo" boolean, "data_inclusao" datetime, "data_alteracao" datetime, "created_at" datetime NOT NULL, "updated_at" datetime NOT NULL)[0m
  [1m[35mSQL (0.1ms)[0m  [1m[32mINSERT INTO "schema_migrations" ("version") VALUES (?)[0m  [["version", "20180404154038"]]
  [1m[35m (13.4ms)[0m  [1m[36mcommit transaction[0m
Migrating to CreateReceitaARecebers (20180404154106)
  [1m[35m (0.1ms)[0m  [1m[36mbegin transaction[0m
  [1m[35m (0.5ms)[0m  [1m[35mCREATE TABLE "receita_a_recebers" ("id" INTEGER PRIMARY KEY AUTOINCREMENT NOT NULL, "valor" decimal, "data" date, "natureza" varchar, "ativo" boolean, "data_inclusao" datetime, "data_alteracao" datetime, "apartamento_id" integer, "descricao_tipo_id" integer, "morador_id" integer, "created_at" datetime NOT NULL, "updated_at" datetime NOT NULL)[0m
  [1m[35m (0.1ms)[0m  [1m[35mCREATE  INDEX "index_receita_a_recebers_on_apartamento_id" ON "receita_a_recebers" ("apartamento_id")[0m
  [1m[35m (0.1ms)[0m  [1m[34m            SELECT sql
            FROM sqlite_master
            WHERE name='index_receita_a_recebers_on_apartamento_id' AND type='index'
            UNION ALL
            SELECT sql
            FROM sqlite_temp_master
            WHERE name='index_receita_a_recebers_on_apartamento_id' AND type='index'
[0m
  [1m[35m (0.1ms)[0m  [1m[35mCREATE  INDEX "index_receita_a_recebers_on_descricao_tipo_id" ON "receita_a_recebers" ("descricao_tipo_id")[0m
  [1m[35m (0.1ms)[0m  [1m[34m            SELECT sql
            FROM sqlite_master
            WHERE name='index_receita_a_recebers_on_descricao_tipo_id' AND type='index'
            UNION ALL
            SELECT sql
            FROM sqlite_temp_master
            WHERE name='index_receita_a_recebers_on_descricao_tipo_id' AND type='index'
[0m
  [1m[35m (0.1ms)[0m  [1m[34m            SELECT sql
            FROM sqlite_master
            WHERE name='index_receita_a_recebers_on_apartamento_id' AND type='index'
            UNION ALL
            SELECT sql
            FROM sqlite_temp_master
            WHERE name='index_receita_a_recebers_on_apartamento_id' AND type='index'
[0m
  [1m[35m (0.1ms)[0m  [1m[35mCREATE  INDEX "index_receita_a_recebers_on_morador_id" ON "receita_a_recebers" ("morador_id")[0m
  [1m[35mSQL (0.2ms)[0m  [1m[32mINSERT INTO "schema_migrations" ("version") VALUES (?)[0m  [["version", "20180404154106"]]
  [1m[35m (15.0ms)[0m  [1m[36mcommit transaction[0m
Migrating to CreateReceitaRecebidas (20180404154111)
  [1m[35m (0.1ms)[0m  [1m[36mbegin transaction[0m
  [1m[35m (0.4ms)[0m  [1m[35mCREATE TABLE "receita_recebidas" ("id" INTEGER PRIMARY KEY AUTOINCREMENT NOT NULL, "valor" decimal, "data" date, "ativo" boolean, "data_inclusao" datetime, "data_alteracao" datetime, "receita_a_receber_id" integer, "created_at" datetime NOT NULL, "updated_at" datetime NOT NULL)[0m
  [1m[35m (0.2ms)[0m  [1m[35mCREATE  INDEX "index_receita_recebidas_on_receita_a_receber_id" ON "receita_recebidas" ("receita_a_receber_id")[0m
  [1m[35mSQL (0.1ms)[0m  [1m[32mINSERT INTO "schema_migrations" ("version") VALUES (?)[0m  [["version", "20180404154111"]]
  [1m[35m (14.2ms)[0m  [1m[36mcommit transaction[0m
Migrating to CreateDespesas (20180404154114)
  [1m[35m (0.1ms)[0m  [1m[36mbegin transaction[0m
  [1m[35m (0.4ms)[0m  [1m[35mCREATE TABLE "despesas" ("id" INTEGER PRIMARY KEY AUTOINCREMENT NOT NULL, "data" date, "valor" decimal, "natureza" varchar, "ativo" boolean, "data_inclusao" datetime, "data_alteracao" datetime, "descricao_tipo_id" integer, "created_at" datetime NOT NULL, "updated_at" datetime NOT NULL)[0m
  [1m[35m (0.2ms)[0m  [1m[35mCREATE  INDEX "index_despesas_on_descricao_tipo_id" ON "despesas" ("descricao_tipo_id")[0m
  [1m[35mSQL (0.1ms)[0m  [1m[32mINSERT INTO "schema_migrations" ("version") VALUES (?)[0m  [["version", "20180404154114"]]
  [1m[35m (13.5ms)[0m  [1m[36mcommit transaction[0m
Migrating to AddPasswordDigestToUsuario (20180410222109)
  [1m[35m (0.1ms)[0m  [1m[36mbegin transaction[0m
  [1m[35m (0.4ms)[0m  [1m[35mALTER TABLE "usuarios" ADD "password_digest" varchar[0m
  [1m[35mSQL (0.2ms)[0m  [1m[32mINSERT INTO "schema_migrations" ("version") VALUES (?)[0m  [["version", "20180410222109"]]
  [1m[35m (14.3ms)[0m  [1m[36mcommit transaction[0m
Migrating to AddIndexToUsuariosLogin (20180410224004)
  [1m[35m (0.1ms)[0m  [1m[36mbegin transaction[0m
  [1m[35mSQL (0.3ms)[0m  [1m[32mINSERT INTO "schema_migrations" ("version") VALUES (?)[0m  [["version", "20180410224004"]]
  [1m[35m (13.3ms)[0m  [1m[36mcommit transaction[0m
Migrating to CreateUsers (20180411002149)
  [1m[35m (0.1ms)[0m  [1m[36mbegin transaction[0m
  [1m[35m (0.5ms)[0m  [1m[35mCREATE TABLE "users" ("id" INTEGER PRIMARY KEY AUTOINCREMENT NOT NULL, "name" varchar, "login" varchar, "password" varchar, "created_at" datetime NOT NULL, "updated_at" datetime NOT NULL)[0m
  [1m[35mSQL (0.1ms)[0m  [1m[32mINSERT INTO "schema_migrations" ("version") VALUES (?)[0m  [["version", "20180411002149"]]
  [1m[35m (13.5ms)[0m  [1m[36mcommit transaction[0m
Migrating to AddPasswordDigestToUsers (20180411002347)
  [1m[35m (0.1ms)[0m  [1m[36mbegin transaction[0m
  [1m[35m (0.4ms)[0m  [1m[35mALTER TABLE "users" ADD "password_digest" varchar[0m
  [1m[35mSQL (0.1ms)[0m  [1m[32mINSERT INTO "schema_migrations" ("version") VALUES (?)[0m  [["version", "20180411002347"]]
  [1m[35m (13.8ms)[0m  [1m[36mcommit transaction[0m
Migrating to AddIndexToUsersLogin (20180411002553)
  [1m[35m (0.1ms)[0m  [1m[36mbegin transaction[0m
  [1m[35mSQL (0.3ms)[0m  [1m[32mINSERT INTO "schema_migrations" ("version") VALUES (?)[0m  [["version", "20180411002553"]]
  [1m[35m (12.3ms)[0m  [1m[36mcommit transaction[0m
Migrating to AddNomeToUsers (20180411231436)
  [1m[35m (0.1ms)[0m  [1m[36mbegin transaction[0m
  [1m[35m (0.4ms)[0m  [1m[35mALTER TABLE "condominios" ADD "nome" varchar[0m
  [1m[35mSQL (0.2ms)[0m  [1m[32mINSERT INTO "schema_migrations" ("version") VALUES (?)[0m  [["version", "20180411231436"]]
  [1m[35m (13.0ms)[0m  [1m[36mcommit transaction[0m
  [1m[36mActiveRecord::InternalMetadata Load (0.2ms)[0m  [1m[34mSELECT  "ar_internal_metadata".* FROM "ar_internal_metadata" WHERE "ar_internal_metadata"."key" = ? LIMIT ?[0m  [["key", "environment"], ["LIMIT", 1]]
  [1m[35m (0.1ms)[0m  [1m[36mbegin transaction[0m
  [1m[35mSQL (0.2ms)[0m  [1m[32mINSERT INTO "ar_internal_metadata" ("key", "value", "created_at", "updated_at") VALUES (?, ?, ?, ?)[0m  [["key", "environment"], ["value", "development"], ["created_at", "2018-04-18 22:56:17.909637"], ["updated_at", "2018-04-18 22:56:17.909637"]]
  [1m[35m (14.0ms)[0m  [1m[36mcommit transaction[0m
  [1m[36mActiveRecord::SchemaMigration Load (0.1ms)[0m  [1m[34mSELECT "schema_migrations".* FROM "schema_migrations"[0m
  [1m[35m (0.1ms)[0m  [1m[34m            SELECT sql
            FROM sqlite_master
            WHERE name='index_apartamentos_on_condominio_id' AND type='index'
            UNION ALL
            SELECT sql
            FROM sqlite_temp_master
            WHERE name='index_apartamentos_on_condominio_id' AND type='index'
[0m
  [1m[35m (0.1ms)[0m  [1m[34m            SELECT sql
            FROM sqlite_master
            WHERE name='index_despesas_on_descricao_tipo_id' AND type='index'
            UNION ALL
            SELECT sql
            FROM sqlite_temp_master
            WHERE name='index_despesas_on_descricao_tipo_id' AND type='index'
[0m
  [1m[35m (0.1ms)[0m  [1m[34m            SELECT sql
            FROM sqlite_master
            WHERE name='index_funcionarios_on_apartamento_id' AND type='index'
            UNION ALL
            SELECT sql
            FROM sqlite_temp_master
            WHERE name='index_funcionarios_on_apartamento_id' AND type='index'
[0m
  [1m[35m (0.1ms)[0m  [1m[34m            SELECT sql
            FROM sqlite_master
            WHERE name='index_moradors_on_apartamento_id' AND type='index'
            UNION ALL
            SELECT sql
            FROM sqlite_temp_master
            WHERE name='index_moradors_on_apartamento_id' AND type='index'
[0m
  [1m[35m (0.1ms)[0m  [1m[34m            SELECT sql
            FROM sqlite_master
            WHERE name='index_receita_a_recebers_on_morador_id' AND type='index'
            UNION ALL
            SELECT sql
            FROM sqlite_temp_master
            WHERE name='index_receita_a_recebers_on_morador_id' AND type='index'
[0m
  [1m[35m (0.1ms)[0m  [1m[34m            SELECT sql
            FROM sqlite_master
            WHERE name='index_receita_a_recebers_on_descricao_tipo_id' AND type='index'
            UNION ALL
            SELECT sql
            FROM sqlite_temp_master
            WHERE name='index_receita_a_recebers_on_descricao_tipo_id' AND type='index'
[0m
  [1m[35m (0.1ms)[0m  [1m[34m            SELECT sql
            FROM sqlite_master
            WHERE name='index_receita_a_recebers_on_apartamento_id' AND type='index'
            UNION ALL
            SELECT sql
            FROM sqlite_temp_master
            WHERE name='index_receita_a_recebers_on_apartamento_id' AND type='index'
[0m
  [1m[35m (0.1ms)[0m  [1m[34m            SELECT sql
            FROM sqlite_master
            WHERE name='index_receita_recebidas_on_receita_a_receber_id' AND type='index'
            UNION ALL
            SELECT sql
            FROM sqlite_temp_master
            WHERE name='index_receita_recebidas_on_receita_a_receber_id' AND type='index'
[0m
  [1m[35m (0.1ms)[0m  [1m[34m            SELECT sql
            FROM sqlite_master
            WHERE name='index_usuarios_on_condominio_id' AND type='index'
            UNION ALL
            SELECT sql
            FROM sqlite_temp_master
            WHERE name='index_usuarios_on_condominio_id' AND type='index'
[0m
  [1m[35m (0.1ms)[0m  [1m[34m            SELECT sql
            FROM sqlite_master
            WHERE name='index_veiculos_on_apartamento_id' AND type='index'
            UNION ALL
            SELECT sql
            FROM sqlite_temp_master
            WHERE name='index_veiculos_on_apartamento_id' AND type='index'
[0m
Started GET "/" for 10.240.0.116 at 2018-04-18 22:56:23 +0000
Cannot render console from 10.240.0.116! Allowed networks: 127.0.0.1, ::1, 127.0.0.0/127.255.255.255
  [1m[36mActiveRecord::SchemaMigration Load (0.2ms)[0m  [1m[34mSELECT "schema_migrations".* FROM "schema_migrations"[0m
Processing by SessionsController#new as HTML
  [1m[36mUser Load (0.2ms)[0m  [1m[34mSELECT  "users".* FROM "users" WHERE "users"."id" IS NULL LIMIT ?[0m  [["LIMIT", 1]]
  Rendering sessions/new.html.erb within layouts/application
  Rendered sessions/new.html.erb within layouts/application (15.4ms)
  [1m[36mCACHE (0.0ms)[0m  [1m[34mSELECT  "users".* FROM "users" WHERE "users"."id" IS NULL LIMIT ?[0m  [["LIMIT", 1]]
  [1m[36mCACHE (0.0ms)[0m  [1m[34mSELECT  "users".* FROM "users" WHERE "users"."id" IS NULL LIMIT ?[0m  [["LIMIT", 1]]
  [1m[36mCACHE (0.0ms)[0m  [1m[34mSELECT  "users".* FROM "users" WHERE "users"."id" IS NULL LIMIT ?[0m  [["LIMIT", 1]]
Completed 200 OK in 2861ms (Views: 2839.3ms | ActiveRecord: 0.6ms)


Started GET "/apple-icon.png" for 10.240.0.116 at 2018-04-18 22:56:41 +0000
Cannot render console from 10.240.0.116! Allowed networks: 127.0.0.1, ::1, 127.0.0.0/127.255.255.255
  
ActionController::RoutingError (No route matches [GET] "/apple-icon.png"):
  
actionpack (5.0.7) lib/action_dispatch/middleware/debug_exceptions.rb:53:in `call'
web-console (3.5.1) lib/web_console/middleware.rb:135:in `call_app'
web-console (3.5.1) lib/web_console/middleware.rb:20:in `block in call'
web-console (3.5.1) lib/web_console/middleware.rb:18:in `catch'
web-console (3.5.1) lib/web_console/middleware.rb:18:in `call'
actionpack (5.0.7) lib/action_dispatch/middleware/show_exceptions.rb:31:in `call'
railties (5.0.7) lib/rails/rack/logger.rb:36:in `call_app'
railties (5.0.7) lib/rails/rack/logger.rb:24:in `block in call'
activesupport (5.0.7) lib/active_support/tagged_logging.rb:69:in `block in tagged'
activesupport (5.0.7) lib/active_support/tagged_logging.rb:26:in `tagged'
activesupport (5.0.7) lib/active_support/tagged_logging.rb:69:in `tagged'
railties (5.0.7) lib/rails/rack/logger.rb:24:in `call'
sprockets-rails (3.2.1) lib/sprockets/rails/quiet_assets.rb:13:in `call'
actionpack (5.0.7) lib/action_dispatch/middleware/request_id.rb:24:in `call'
rack (2.0.4) lib/rack/method_override.rb:22:in `call'
rack (2.0.4) lib/rack/runtime.rb:22:in `call'
activesupport (5.0.7) lib/active_support/cache/strategy/local_cache_middleware.rb:28:in `call'
actionpack (5.0.7) lib/action_dispatch/middleware/executor.rb:12:in `call'
actionpack (5.0.7) lib/action_dispatch/middleware/static.rb:136:in `call'
rack (2.0.4) lib/rack/sendfile.rb:111:in `call'
railties (5.0.7) lib/rails/engine.rb:522:in `call'
puma (3.11.3) lib/puma/configuration.rb:225:in `call'
puma (3.11.3) lib/puma/server.rb:624:in `handle_request'
puma (3.11.3) lib/puma/server.rb:438:in `process_client'
puma (3.11.3) lib/puma/server.rb:302:in `block in run'
puma (3.11.3) lib/puma/thread_pool.rb:120:in `block in spawn_thread'
  Rendering /usr/local/rvm/gems/ruby-2.4.0/gems/actionpack-5.0.7/lib/action_dispatch/middleware/templates/rescues/routing_error.html.erb within rescues/layout
  Rendering /usr/local/rvm/gems/ruby-2.4.0/gems/actionpack-5.0.7/lib/action_dispatch/middleware/templates/rescues/_trace.html.erb
  Rendered /usr/local/rvm/gems/ruby-2.4.0/gems/actionpack-5.0.7/lib/action_dispatch/middleware/templates/rescues/_trace.html.erb (2.5ms)
  Rendered collection of /usr/local/rvm/gems/ruby-2.4.0/gems/actionpack-5.0.7/lib/action_dispatch/middleware/templates/routes/_route.html.erb [103 times] (52.3ms)
  Rendered /usr/local/rvm/gems/ruby-2.4.0/gems/actionpack-5.0.7/lib/action_dispatch/middleware/templates/routes/_table.html.erb (3.7ms)
  Rendering /usr/local/rvm/gems/ruby-2.4.0/gems/actionpack-5.0.7/lib/action_dispatch/middleware/templates/rescues/_request_and_response.html.erb
  Rendered /usr/local/rvm/gems/ruby-2.4.0/gems/actionpack-5.0.7/lib/action_dispatch/middleware/templates/rescues/_request_and_response.html.erb (1.6ms)
  Rendered /usr/local/rvm/gems/ruby-2.4.0/gems/actionpack-5.0.7/lib/action_dispatch/middleware/templates/rescues/routing_error.html.erb within rescues/layout (101.8ms)
Started POST "/sign_in" for 10.240.0.233 at 2018-04-18 22:56:50 +0000
Cannot render console from 10.240.0.233! Allowed networks: 127.0.0.1, ::1, 127.0.0.0/127.255.255.255
Processing by SessionsController#create as HTML
  Parameters: {"utf8"=>"✓", "authenticity_token"=>"MiuOPztxThKPxRRIuygacRePqT/r+s9O+YjzqvCl8OBNsdAw83cYfO0TsKo2xWo3Kig5yxTSJOfM5a3Xt/WySw==", "session"=>{"login"=>"admin", "password"=>"[FILTERED]"}, "commit"=>"Log in"}
  [1m[36mUser Load (0.7ms)[0m  [1m[34mSELECT  "users".* FROM "users" WHERE "users"."id" IS NULL LIMIT ?[0m  [["LIMIT", 1]]
  [1m[36mUser Load (0.2ms)[0m  [1m[34mSELECT  "users".* FROM "users" WHERE "users"."login" = ? LIMIT ?[0m  [["login", "admin"], ["LIMIT", 1]]
  Rendering sessions/new.html.erb within layouts/application
  Rendered sessions/new.html.erb within layouts/application (2.8ms)
  [1m[36mCACHE (0.0ms)[0m  [1m[34mSELECT  "users".* FROM "users" WHERE "users"."id" IS NULL LIMIT ?[0m  [["LIMIT", 1]]
  [1m[36mCACHE (0.0ms)[0m  [1m[34mSELECT  "users".* FROM "users" WHERE "users"."id" IS NULL LIMIT ?[0m  [["LIMIT", 1]]
  [1m[36mCACHE (0.0ms)[0m  [1m[34mSELECT  "users".* FROM "users" WHERE "users"."id" IS NULL LIMIT ?[0m  [["LIMIT", 1]]
Completed 200 OK in 102ms (Views: 96.5ms | ActiveRecord: 1.0ms)


Started GET "/" for 10.240.0.68 at 2018-04-18 22:56:55 +0000
Cannot render console from 10.240.0.68! Allowed networks: 127.0.0.1, ::1, 127.0.0.0/127.255.255.255
Processing by SessionsController#new as HTML
  [1m[36mUser Load (0.3ms)[0m  [1m[34mSELECT  "users".* FROM "users" WHERE "users"."id" IS NULL LIMIT ?[0m  [["LIMIT", 1]]
  Rendering sessions/new.html.erb within layouts/application
  Rendered sessions/new.html.erb within layouts/application (2.2ms)
  [1m[36mCACHE (0.0ms)[0m  [1m[34mSELECT  "users".* FROM "users" WHERE "users"."id" IS NULL LIMIT ?[0m  [["LIMIT", 1]]
  [1m[36mCACHE (0.0ms)[0m  [1m[34mSELECT  "users".* FROM "users" WHERE "users"."id" IS NULL LIMIT ?[0m  [["LIMIT", 1]]
  [1m[36mCACHE (0.0ms)[0m  [1m[34mSELECT  "users".* FROM "users" WHERE "users"."id" IS NULL LIMIT ?[0m  [["LIMIT", 1]]
Completed 200 OK in 66ms (Views: 64.1ms | ActiveRecord: 0.3ms)


Started POST "/sign_in" for 10.240.2.147 at 2018-04-18 22:57:11 +0000
Cannot render console from 10.240.2.147! Allowed networks: 127.0.0.1, ::1, 127.0.0.0/127.255.255.255
Processing by SessionsController#create as HTML
  Parameters: {"utf8"=>"✓", "authenticity_token"=>"uksnOWB8mDs+poiZHh+9rmFJyhANkyRTqJIiRAqGWsNOUpSh7Ssx2MvmUp42sAuTzt+V1VKvAG6Uzb5RNK3SXA==", "session"=>{"login"=>"admin", "password"=>"[FILTERED]"}, "commit"=>"Log in"}
  [1m[36mUser Load (0.6ms)[0m  [1m[34mSELECT  "users".* FROM "users" WHERE "users"."id" IS NULL LIMIT ?[0m  [["LIMIT", 1]]
  [1m[36mUser Load (0.2ms)[0m  [1m[34mSELECT  "users".* FROM "users" WHERE "users"."login" = ? LIMIT ?[0m  [["login", "admin"], ["LIMIT", 1]]
  Rendering sessions/new.html.erb within layouts/application
  Rendered sessions/new.html.erb within layouts/application (1.8ms)
  [1m[36mCACHE (0.0ms)[0m  [1m[34mSELECT  "users".* FROM "users" WHERE "users"."id" IS NULL LIMIT ?[0m  [["LIMIT", 1]]
  [1m[36mCACHE (0.0ms)[0m  [1m[34mSELECT  "users".* FROM "users" WHERE "users"."id" IS NULL LIMIT ?[0m  [["LIMIT", 1]]
  [1m[36mCACHE (0.0ms)[0m  [1m[34mSELECT  "users".* FROM "users" WHERE "users"."id" IS NULL LIMIT ?[0m  [["LIMIT", 1]]
Completed 200 OK in 68ms (Views: 65.3ms | ActiveRecord: 0.9ms)


Started POST "/sign_in" for 10.240.0.171 at 2018-04-18 22:57:46 +0000
Cannot render console from 10.240.0.171! Allowed networks: 127.0.0.1, ::1, 127.0.0.0/127.255.255.255
Processing by SessionsController#create as HTML
  Parameters: {"utf8"=>"✓", "authenticity_token"=>"Qd3FtT4u+68dnr/tM+pU7t0NOnRe/0b1uwQa2H4wd/M+R5u69iitwX9IGw++BySo4KqqgKHXrVyOaUSlOWA1WA==", "session"=>{"login"=>"admin", "password"=>"[FILTERED]"}, "commit"=>"Log in"}
  [1m[36mUser Load (0.2ms)[0m  [1m[34mSELECT  "users".* FROM "users" WHERE "users"."id" IS NULL LIMIT ?[0m  [["LIMIT", 1]]
  [1m[36mUser Load (0.1ms)[0m  [1m[34mSELECT  "users".* FROM "users" WHERE "users"."login" = ? LIMIT ?[0m  [["login", "admin"], ["LIMIT", 1]]
  Rendering sessions/new.html.erb within layouts/application
  Rendered sessions/new.html.erb within layouts/application (1.6ms)
  [1m[36mCACHE (0.0ms)[0m  [1m[34mSELECT  "users".* FROM "users" WHERE "users"."id" IS NULL LIMIT ?[0m  [["LIMIT", 1]]
  [1m[36mCACHE (0.0ms)[0m  [1m[34mSELECT  "users".* FROM "users" WHERE "users"."id" IS NULL LIMIT ?[0m  [["LIMIT", 1]]
  [1m[36mCACHE (0.0ms)[0m  [1m[34mSELECT  "users".* FROM "users" WHERE "users"."id" IS NULL LIMIT ?[0m  [["LIMIT", 1]]
Completed 200 OK in 67ms (Views: 65.4ms | ActiveRecord: 0.3ms)


Started GET "/users/new" for 10.240.0.171 at 2018-04-18 22:58:07 +0000
Cannot render console from 10.240.0.171! Allowed networks: 127.0.0.1, ::1, 127.0.0.0/127.255.255.255
Processing by UsersController#new as HTML
  Rendering users/new.html.erb within layouts/application
  Rendered users/_form.html.erb (4.3ms)
  Rendered users/new.html.erb within layouts/application (6.5ms)
  [1m[36mUser Load (0.2ms)[0m  [1m[34mSELECT  "users".* FROM "users" WHERE "users"."id" IS NULL LIMIT ?[0m  [["LIMIT", 1]]
  [1m[36mCACHE (0.0ms)[0m  [1m[34mSELECT  "users".* FROM "users" WHERE "users"."id" IS NULL LIMIT ?[0m  [["LIMIT", 1]]
  [1m[36mCACHE (0.0ms)[0m  [1m[34mSELECT  "users".* FROM "users" WHERE "users"."id" IS NULL LIMIT ?[0m  [["LIMIT", 1]]
Completed 200 OK in 67ms (Views: 59.7ms | ActiveRecord: 0.8ms)


Started POST "/users" for 10.240.1.21 at 2018-04-18 22:58:58 +0000
Cannot render console from 10.240.1.21! Allowed networks: 127.0.0.1, ::1, 127.0.0.0/127.255.255.255
Processing by UsersController#create as HTML
  Parameters: {"utf8"=>"✓", "authenticity_token"=>"ylNi51/r6vr/PqlclOc5R6QY+Zc+h0fVvaukHxGMH961yTzol+28lJ3oDb4ZCkkBmb9pY8GvrHyIxvpiVtxddQ==", "user"=>{"name"=>"admin", "login"=>"admin", "password"=>"[FILTERED]", "password_field"=>"[FILTERED]"}, "commit"=>"Create User"}
Unpermitted parameter: password_field
  [1m[35m (0.1ms)[0m  [1m[36mbegin transaction[0m
  [1m[36mUser Exists (0.2ms)[0m  [1m[34mSELECT  1 AS one FROM "users" WHERE "users"."login" = ? LIMIT ?[0m  [["login", "admin"], ["LIMIT", 1]]
  [1m[35mSQL (0.3ms)[0m  [1m[32mINSERT INTO "users" ("name", "login", "created_at", "updated_at", "password_digest") VALUES (?, ?, ?, ?, ?)[0m  [["name", "admin"], ["login", "admin"], ["created_at", "2018-04-18 22:58:58.212229"], ["updated_at", "2018-04-18 22:58:58.212229"], ["password_digest", "$2a$10$o3LkL.Bu6isLGOHKpdA4w.tCx5kc4m9xv8aINYxhrHtNUDTdlMA1C"]]
  [1m[35m (13.4ms)[0m  [1m[36mcommit transaction[0m
Redirected to http://condominio-thiago-thiagoalves.c9users.io:8080/users/1
Completed 302 Found in 96ms (ActiveRecord: 14.1ms)


Started GET "/users/1" for 10.240.1.21 at 2018-04-18 22:58:58 +0000
Cannot render console from 10.240.1.21! Allowed networks: 127.0.0.1, ::1, 127.0.0.0/127.255.255.255
Processing by UsersController#show as HTML
  Parameters: {"id"=>"1"}
  [1m[36mUser Load (0.3ms)[0m  [1m[34mSELECT  "users".* FROM "users" WHERE "users"."id" = ? LIMIT ?[0m  [["id", 1], ["LIMIT", 1]]
  Rendering users/show.html.erb within layouts/application
  Rendered users/show.html.erb within layouts/application (0.5ms)
  [1m[36mUser Load (0.2ms)[0m  [1m[34mSELECT  "users".* FROM "users" WHERE "users"."id" IS NULL LIMIT ?[0m  [["LIMIT", 1]]
  [1m[36mCACHE (0.0ms)[0m  [1m[34mSELECT  "users".* FROM "users" WHERE "users"."id" IS NULL LIMIT ?[0m  [["LIMIT", 1]]
  [1m[36mCACHE (0.0ms)[0m  [1m[34mSELECT  "users".* FROM "users" WHERE "users"."id" IS NULL LIMIT ?[0m  [["LIMIT", 1]]
Completed 200 OK in 61ms (Views: 58.0ms | ActiveRecord: 0.5ms)


Started GET "/" for 10.240.1.60 at 2018-04-18 22:59:01 +0000
Cannot render console from 10.240.1.60! Allowed networks: 127.0.0.1, ::1, 127.0.0.0/127.255.255.255
Processing by SessionsController#new as HTML
  [1m[36mUser Load (0.2ms)[0m  [1m[34mSELECT  "users".* FROM "users" WHERE "users"."id" IS NULL LIMIT ?[0m  [["LIMIT", 1]]
  Rendering sessions/new.html.erb within layouts/application
  Rendered sessions/new.html.erb within layouts/application (1.6ms)
  [1m[36mCACHE (0.0ms)[0m  [1m[34mSELECT  "users".* FROM "users" WHERE "users"."id" IS NULL LIMIT ?[0m  [["LIMIT", 1]]
  [1m[36mCACHE (0.0ms)[0m  [1m[34mSELECT  "users".* FROM "users" WHERE "users"."id" IS NULL LIMIT ?[0m  [["LIMIT", 1]]
  [1m[36mCACHE (0.0ms)[0m  [1m[34mSELECT  "users".* FROM "users" WHERE "users"."id" IS NULL LIMIT ?[0m  [["LIMIT", 1]]
Completed 200 OK in 56ms (Views: 53.6ms | ActiveRecord: 0.3ms)


Started POST "/sign_in" for 10.240.2.147 at 2018-04-18 22:59:07 +0000
Cannot render console from 10.240.2.147! Allowed networks: 127.0.0.1, ::1, 127.0.0.0/127.255.255.255
Processing by SessionsController#create as HTML
  Parameters: {"utf8"=>"✓", "authenticity_token"=>"SnizffdIfPqPlJ3p4HR+2kq/TIUBOHbvQXzoVKWieii+YQDleh/VGXrUR+7I28jn5SkTQF4EUtJ9I3RBm4nytw==", "session"=>{"login"=>"admin", "password"=>"[FILTERED]"}, "commit"=>"Log in"}
  [1m[36mUser Load (0.2ms)[0m  [1m[34mSELECT  "users".* FROM "users" WHERE "users"."id" IS NULL LIMIT ?[0m  [["LIMIT", 1]]
  [1m[36mUser Load (0.1ms)[0m  [1m[34mSELECT  "users".* FROM "users" WHERE "users"."login" = ? LIMIT ?[0m  [["login", "admin"], ["LIMIT", 1]]
  [1m[36mCondominio Load (0.2ms)[0m  [1m[34mSELECT "condominios".* FROM "condominios"[0m
Completed 500 Internal Server Error in 78ms (ActiveRecord: 1.0ms)


  
NoMethodError (undefined method `id' for nil:NilClass):
  
app/helpers/sessions_helper.rb:24:in `set_current_condominio'
app/controllers/sessions_controller.rb:9:in `create'
  Rendering /usr/local/rvm/gems/ruby-2.4.0/gems/actionpack-5.0.7/lib/action_dispatch/middleware/templates/rescues/diagnostics.html.erb within rescues/layout
  Rendering /usr/local/rvm/gems/ruby-2.4.0/gems/actionpack-5.0.7/lib/action_dispatch/middleware/templates/rescues/_source.html.erb
  Rendered /usr/local/rvm/gems/ruby-2.4.0/gems/actionpack-5.0.7/lib/action_dispatch/middleware/templates/rescues/_source.html.erb (3.8ms)
  Rendering /usr/local/rvm/gems/ruby-2.4.0/gems/actionpack-5.0.7/lib/action_dispatch/middleware/templates/rescues/_trace.html.erb
  Rendered /usr/local/rvm/gems/ruby-2.4.0/gems/actionpack-5.0.7/lib/action_dispatch/middleware/templates/rescues/_trace.html.erb (2.0ms)
  Rendering /usr/local/rvm/gems/ruby-2.4.0/gems/actionpack-5.0.7/lib/action_dispatch/middleware/templates/rescues/_request_and_response.html.erb
  Rendered /usr/local/rvm/gems/ruby-2.4.0/gems/actionpack-5.0.7/lib/action_dispatch/middleware/templates/rescues/_request_and_response.html.erb (1.2ms)
  Rendered /usr/local/rvm/gems/ruby-2.4.0/gems/actionpack-5.0.7/lib/action_dispatch/middleware/templates/rescues/diagnostics.html.erb within rescues/layout (28.4ms)
Started GET "/condominios" for 10.240.1.136 at 2018-04-18 22:59:32 +0000
Cannot render console from 10.240.1.136! Allowed networks: 127.0.0.1, ::1, 127.0.0.0/127.255.255.255
Processing by CondominiosController#index as HTML
  [1m[36mUser Load (0.2ms)[0m  [1m[34mSELECT  "users".* FROM "users" WHERE "users"."id" IS NULL LIMIT ?[0m  [["LIMIT", 1]]
Redirected to http://condominio-thiago-thiagoalves.c9users.io:8080/
Filter chain halted as :authorize rendered or redirected
Completed 302 Found in 2ms (ActiveRecord: 0.2ms)


Started GET "/" for 10.240.0.233 at 2018-04-18 22:59:32 +0000
Cannot render console from 10.240.0.233! Allowed networks: 127.0.0.1, ::1, 127.0.0.0/127.255.255.255
Processing by SessionsController#new as HTML
  [1m[36mUser Load (0.2ms)[0m  [1m[34mSELECT  "users".* FROM "users" WHERE "users"."id" IS NULL LIMIT ?[0m  [["LIMIT", 1]]
  Rendering sessions/new.html.erb within layouts/application
  Rendered sessions/new.html.erb within layouts/application (1.6ms)
  [1m[36mCACHE (0.0ms)[0m  [1m[34mSELECT  "users".* FROM "users" WHERE "users"."id" IS NULL LIMIT ?[0m  [["LIMIT", 1]]
  [1m[36mCACHE (0.0ms)[0m  [1m[34mSELECT  "users".* FROM "users" WHERE "users"."id" IS NULL LIMIT ?[0m  [["LIMIT", 1]]
  [1m[36mCACHE (0.0ms)[0m  [1m[34mSELECT  "users".* FROM "users" WHERE "users"."id" IS NULL LIMIT ?[0m  [["LIMIT", 1]]
Completed 200 OK in 65ms (Views: 63.1ms | ActiveRecord: 0.3ms)


  [1m[36mActiveRecord::SchemaMigration Load (0.2ms)[0m  [1m[34mSELECT "schema_migrations".* FROM "schema_migrations"[0m
  [1m[36mActiveRecord::InternalMetadata Load (0.2ms)[0m  [1m[34mSELECT  "ar_internal_metadata".* FROM "ar_internal_metadata" WHERE "ar_internal_metadata"."key" = ? LIMIT ?[0m  [["key", "environment"], ["LIMIT", 1]]
  [1m[35m (0.1ms)[0m  [1m[36mbegin transaction[0m
  [1m[35m (0.1ms)[0m  [1m[36mcommit transaction[0m
  [1m[36mActiveRecord::SchemaMigration Load (0.1ms)[0m  [1m[34mSELECT "schema_migrations".* FROM "schema_migrations"[0m
  [1m[35m (0.1ms)[0m  [1m[34m            SELECT sql
            FROM sqlite_master
            WHERE name='index_apartamentos_on_condominio_id' AND type='index'
            UNION ALL
            SELECT sql
            FROM sqlite_temp_master
            WHERE name='index_apartamentos_on_condominio_id' AND type='index'
[0m
  [1m[35m (0.1ms)[0m  [1m[34m            SELECT sql
            FROM sqlite_master
            WHERE name='index_despesas_on_descricao_tipo_id' AND type='index'
            UNION ALL
            SELECT sql
            FROM sqlite_temp_master
            WHERE name='index_despesas_on_descricao_tipo_id' AND type='index'
[0m
  [1m[35m (0.1ms)[0m  [1m[34m            SELECT sql
            FROM sqlite_master
            WHERE name='index_funcionarios_on_apartamento_id' AND type='index'
            UNION ALL
            SELECT sql
            FROM sqlite_temp_master
            WHERE name='index_funcionarios_on_apartamento_id' AND type='index'
[0m
  [1m[35m (0.1ms)[0m  [1m[34m            SELECT sql
            FROM sqlite_master
            WHERE name='index_moradors_on_apartamento_id' AND type='index'
            UNION ALL
            SELECT sql
            FROM sqlite_temp_master
            WHERE name='index_moradors_on_apartamento_id' AND type='index'
[0m
  [1m[35m (0.1ms)[0m  [1m[34m            SELECT sql
            FROM sqlite_master
            WHERE name='index_receita_a_recebers_on_morador_id' AND type='index'
            UNION ALL
            SELECT sql
            FROM sqlite_temp_master
            WHERE name='index_receita_a_recebers_on_morador_id' AND type='index'
[0m
  [1m[35m (0.1ms)[0m  [1m[34m            SELECT sql
            FROM sqlite_master
            WHERE name='index_receita_a_recebers_on_descricao_tipo_id' AND type='index'
            UNION ALL
            SELECT sql
            FROM sqlite_temp_master
            WHERE name='index_receita_a_recebers_on_descricao_tipo_id' AND type='index'
[0m
  [1m[35m (0.1ms)[0m  [1m[34m            SELECT sql
            FROM sqlite_master
            WHERE name='index_receita_a_recebers_on_apartamento_id' AND type='index'
            UNION ALL
            SELECT sql
            FROM sqlite_temp_master
            WHERE name='index_receita_a_recebers_on_apartamento_id' AND type='index'
[0m
  [1m[35m (0.1ms)[0m  [1m[34m            SELECT sql
            FROM sqlite_master
            WHERE name='index_receita_recebidas_on_receita_a_receber_id' AND type='index'
            UNION ALL
            SELECT sql
            FROM sqlite_temp_master
            WHERE name='index_receita_recebidas_on_receita_a_receber_id' AND type='index'
[0m
  [1m[35m (0.1ms)[0m  [1m[34m            SELECT sql
            FROM sqlite_master
            WHERE name='index_usuarios_on_condominio_id' AND type='index'
            UNION ALL
            SELECT sql
            FROM sqlite_temp_master
            WHERE name='index_usuarios_on_condominio_id' AND type='index'
[0m
  [1m[35m (0.1ms)[0m  [1m[34m            SELECT sql
            FROM sqlite_master
            WHERE name='index_veiculos_on_apartamento_id' AND type='index'
            UNION ALL
            SELECT sql
            FROM sqlite_temp_master
            WHERE name='index_veiculos_on_apartamento_id' AND type='index'
[0m
Started GET "/" for 10.240.1.136 at 2018-04-19 00:09:53 +0000
Cannot render console from 10.240.1.136! Allowed networks: 127.0.0.1, ::1, 127.0.0.0/127.255.255.255
Processing by SessionsController#new as HTML
  [1m[36mUser Load (0.6ms)[0m  [1m[34mSELECT  "users".* FROM "users" WHERE "users"."id" IS NULL LIMIT ?[0m  [["LIMIT", 1]]
  Rendering sessions/new.html.erb within layouts/application
  Rendered sessions/new.html.erb within layouts/application (2.1ms)
  [1m[36mCACHE (0.0ms)[0m  [1m[34mSELECT  "users".* FROM "users" WHERE "users"."id" IS NULL LIMIT ?[0m  [["LIMIT", 1]]
  [1m[36mCACHE (0.0ms)[0m  [1m[34mSELECT  "users".* FROM "users" WHERE "users"."id" IS NULL LIMIT ?[0m  [["LIMIT", 1]]
  [1m[36mCACHE (0.0ms)[0m  [1m[34mSELECT  "users".* FROM "users" WHERE "users"."id" IS NULL LIMIT ?[0m  [["LIMIT", 1]]
Completed 200 OK in 85ms (Views: 75.0ms | ActiveRecord: 0.9ms)


Started POST "/sign_in" for 10.240.1.78 at 2018-04-19 00:10:06 +0000
Cannot render console from 10.240.1.78! Allowed networks: 127.0.0.1, ::1, 127.0.0.0/127.255.255.255
Processing by SessionsController#create as HTML
  Parameters: {"utf8"=>"✓", "authenticity_token"=>"CXWCHqPPms61e8LGgPytlQp6BFXjOFcrJtIid7sRL7l279wRa8nMoNetZiQNEd3TN92UoRwQvIITv3wK/EFtEg==", "session"=>{"login"=>"admin", "password"=>"[FILTERED]"}, "commit"=>"Log in"}
  [1m[36mUser Load (0.3ms)[0m  [1m[34mSELECT  "users".* FROM "users" WHERE "users"."id" IS NULL LIMIT ?[0m  [["LIMIT", 1]]
  [1m[36mUser Load (0.2ms)[0m  [1m[34mSELECT  "users".* FROM "users" WHERE "users"."login" = ? LIMIT ?[0m  [["login", "admin"], ["LIMIT", 1]]
  [1m[36mCondominio Load (0.2ms)[0m  [1m[34mSELECT "condominios".* FROM "condominios"[0m
Completed 500 Internal Server Error in 81ms (ActiveRecord: 1.5ms)


  
NoMethodError (undefined method `id' for nil:NilClass):
  
app/helpers/sessions_helper.rb:24:in `set_current_condominio'
app/controllers/sessions_controller.rb:9:in `create'
  Rendering /usr/local/rvm/gems/ruby-2.4.0/gems/actionpack-5.0.7/lib/action_dispatch/middleware/templates/rescues/diagnostics.html.erb within rescues/layout
  Rendering /usr/local/rvm/gems/ruby-2.4.0/gems/actionpack-5.0.7/lib/action_dispatch/middleware/templates/rescues/_source.html.erb
  Rendered /usr/local/rvm/gems/ruby-2.4.0/gems/actionpack-5.0.7/lib/action_dispatch/middleware/templates/rescues/_source.html.erb (3.6ms)
  Rendering /usr/local/rvm/gems/ruby-2.4.0/gems/actionpack-5.0.7/lib/action_dispatch/middleware/templates/rescues/_trace.html.erb
  Rendered /usr/local/rvm/gems/ruby-2.4.0/gems/actionpack-5.0.7/lib/action_dispatch/middleware/templates/rescues/_trace.html.erb (2.1ms)
  Rendering /usr/local/rvm/gems/ruby-2.4.0/gems/actionpack-5.0.7/lib/action_dispatch/middleware/templates/rescues/_request_and_response.html.erb
  Rendered /usr/local/rvm/gems/ruby-2.4.0/gems/actionpack-5.0.7/lib/action_dispatch/middleware/templates/rescues/_request_and_response.html.erb (1.3ms)
  Rendered /usr/local/rvm/gems/ruby-2.4.0/gems/actionpack-5.0.7/lib/action_dispatch/middleware/templates/rescues/diagnostics.html.erb within rescues/layout (32.0ms)
Started GET "/" for 10.240.0.116 at 2018-04-19 00:15:13 +0000
Cannot render console from 10.240.0.116! Allowed networks: 127.0.0.1, ::1, 127.0.0.0/127.255.255.255
Processing by SessionsController#new as HTML
  [1m[36mUser Load (0.6ms)[0m  [1m[34mSELECT  "users".* FROM "users" WHERE "users"."id" IS NULL LIMIT ?[0m  [["LIMIT", 1]]
  Rendering sessions/new.html.erb within layouts/application
  Rendered sessions/new.html.erb within layouts/application (2.0ms)
  [1m[36mCACHE (0.0ms)[0m  [1m[34mSELECT  "users".* FROM "users" WHERE "users"."id" IS NULL LIMIT ?[0m  [["LIMIT", 1]]
  [1m[36mCACHE (0.0ms)[0m  [1m[34mSELECT  "users".* FROM "users" WHERE "users"."id" IS NULL LIMIT ?[0m  [["LIMIT", 1]]
  [1m[36mCACHE (0.0ms)[0m  [1m[34mSELECT  "users".* FROM "users" WHERE "users"."id" IS NULL LIMIT ?[0m  [["LIMIT", 1]]
Completed 200 OK in 80ms (Views: 71.0ms | ActiveRecord: 0.9ms)


Started POST "/sign_in" for 10.240.2.147 at 2018-04-19 00:15:20 +0000
Cannot render console from 10.240.2.147! Allowed networks: 127.0.0.1, ::1, 127.0.0.0/127.255.255.255
Processing by SessionsController#create as HTML
  Parameters: {"utf8"=>"✓", "authenticity_token"=>"ENVVmoZM/rfCsbeectfnJXOmFErfHzMrF9Mib+Af0sxvTwuVTkqo2aBnE3z/OpdjTgGEviA32IIivnwSp0+QZw==", "session"=>{"login"=>"admin", "password"=>"[FILTERED]"}, "commit"=>"Log in"}
  [1m[36mUser Load (0.2ms)[0m  [1m[34mSELECT  "users".* FROM "users" WHERE "users"."id" IS NULL LIMIT ?[0m  [["LIMIT", 1]]
  [1m[36mUser Load (0.2ms)[0m  [1m[34mSELECT  "users".* FROM "users" WHERE "users"."login" = ? LIMIT ?[0m  [["login", "admin"], ["LIMIT", 1]]
  [1m[36mCondominio Load (0.2ms)[0m  [1m[34mSELECT "condominios".* FROM "condominios"[0m
Completed 500 Internal Server Error in 148ms (ActiveRecord: 1.5ms)


  
NoMethodError (undefined method `condominio?' for #<SessionsController:0x007f1889f34758>
Did you mean?  condominio_url):
  
app/helpers/sessions_helper.rb:24:in `set_current_condominio'
app/controllers/sessions_controller.rb:9:in `create'
  Rendering /usr/local/rvm/gems/ruby-2.4.0/gems/actionpack-5.0.7/lib/action_dispatch/middleware/templates/rescues/diagnostics.html.erb within rescues/layout
  Rendering /usr/local/rvm/gems/ruby-2.4.0/gems/actionpack-5.0.7/lib/action_dispatch/middleware/templates/rescues/_source.html.erb
  Rendered /usr/local/rvm/gems/ruby-2.4.0/gems/actionpack-5.0.7/lib/action_dispatch/middleware/templates/rescues/_source.html.erb (3.2ms)
  Rendering /usr/local/rvm/gems/ruby-2.4.0/gems/actionpack-5.0.7/lib/action_dispatch/middleware/templates/rescues/_trace.html.erb
  Rendered /usr/local/rvm/gems/ruby-2.4.0/gems/actionpack-5.0.7/lib/action_dispatch/middleware/templates/rescues/_trace.html.erb (1.6ms)
  Rendering /usr/local/rvm/gems/ruby-2.4.0/gems/actionpack-5.0.7/lib/action_dispatch/middleware/templates/rescues/_request_and_response.html.erb
  Rendered /usr/local/rvm/gems/ruby-2.4.0/gems/actionpack-5.0.7/lib/action_dispatch/middleware/templates/rescues/_request_and_response.html.erb (1.1ms)
  Rendered /usr/local/rvm/gems/ruby-2.4.0/gems/actionpack-5.0.7/lib/action_dispatch/middleware/templates/rescues/diagnostics.html.erb within rescues/layout (70.8ms)
Started POST "/sign_in" for 10.240.1.60 at 2018-04-19 00:16:07 +0000
Cannot render console from 10.240.1.60! Allowed networks: 127.0.0.1, ::1, 127.0.0.0/127.255.255.255
Processing by SessionsController#create as HTML
  Parameters: {"utf8"=>"✓", "authenticity_token"=>"ENVVmoZM/rfCsbeectfnJXOmFErfHzMrF9Mib+Af0sxvTwuVTkqo2aBnE3z/OpdjTgGEviA32IIivnwSp0+QZw==", "session"=>{"login"=>"admin", "password"=>"[FILTERED]"}, "commit"=>"Log in"}
  [1m[36mUser Load (0.5ms)[0m  [1m[34mSELECT  "users".* FROM "users" WHERE "users"."id" IS NULL LIMIT ?[0m  [["LIMIT", 1]]
  [1m[36mUser Load (0.1ms)[0m  [1m[34mSELECT  "users".* FROM "users" WHERE "users"."login" = ? LIMIT ?[0m  [["login", "admin"], ["LIMIT", 1]]
  [1m[36mCondominio Load (0.2ms)[0m  [1m[34mSELECT "condominios".* FROM "condominios"[0m
Redirected to http://condominio-thiago-thiagoalves.c9users.io:8080/condominios/new
Redirected to 
Completed 500 Internal Server Error in 87ms (ActiveRecord: 1.8ms)


  
AbstractController::DoubleRenderError (Render and/or redirect were called multiple times in this action. Please note that you may only call render OR redirect, and at most once per action. Also note that neither redirect nor render terminate execution of the action, so if you want to exit an action after redirecting, you need to do something like "redirect_to(...) and return".):
  
app/controllers/sessions_controller.rb:11:in `create'
  Rendering /usr/local/rvm/gems/ruby-2.4.0/gems/actionpack-5.0.7/lib/action_dispatch/middleware/templates/rescues/diagnostics.html.erb within rescues/layout
  Rendering /usr/local/rvm/gems/ruby-2.4.0/gems/actionpack-5.0.7/lib/action_dispatch/middleware/templates/rescues/_source.html.erb
  Rendered /usr/local/rvm/gems/ruby-2.4.0/gems/actionpack-5.0.7/lib/action_dispatch/middleware/templates/rescues/_source.html.erb (18.2ms)
  Rendering /usr/local/rvm/gems/ruby-2.4.0/gems/actionpack-5.0.7/lib/action_dispatch/middleware/templates/rescues/_trace.html.erb
  Rendered /usr/local/rvm/gems/ruby-2.4.0/gems/actionpack-5.0.7/lib/action_dispatch/middleware/templates/rescues/_trace.html.erb (2.8ms)
  Rendering /usr/local/rvm/gems/ruby-2.4.0/gems/actionpack-5.0.7/lib/action_dispatch/middleware/templates/rescues/_request_and_response.html.erb
  Rendered /usr/local/rvm/gems/ruby-2.4.0/gems/actionpack-5.0.7/lib/action_dispatch/middleware/templates/rescues/_request_and_response.html.erb (2.1ms)
  Rendered /usr/local/rvm/gems/ruby-2.4.0/gems/actionpack-5.0.7/lib/action_dispatch/middleware/templates/rescues/diagnostics.html.erb within rescues/layout (46.5ms)
Started GET "/users/new" for 10.240.1.60 at 2018-04-19 00:16:12 +0000
Cannot render console from 10.240.1.60! Allowed networks: 127.0.0.1, ::1, 127.0.0.0/127.255.255.255
Processing by UsersController#new as HTML
  Rendering users/new.html.erb within layouts/application
  Rendered users/_form.html.erb (6.1ms)
  Rendered users/new.html.erb within layouts/application (7.7ms)
  [1m[36mUser Load (0.3ms)[0m  [1m[34mSELECT  "users".* FROM "users" WHERE "users"."id" IS NULL LIMIT ?[0m  [["LIMIT", 1]]
  [1m[36mCACHE (0.0ms)[0m  [1m[34mSELECT  "users".* FROM "users" WHERE "users"."id" IS NULL LIMIT ?[0m  [["LIMIT", 1]]
  [1m[36mCACHE (0.0ms)[0m  [1m[34mSELECT  "users".* FROM "users" WHERE "users"."id" IS NULL LIMIT ?[0m  [["LIMIT", 1]]
Completed 200 OK in 121ms (Views: 119.6ms | ActiveRecord: 0.3ms)


Started POST "/users" for 10.240.0.116 at 2018-04-19 00:16:33 +0000
Cannot render console from 10.240.0.116! Allowed networks: 127.0.0.1, ::1, 127.0.0.0/127.255.255.255
Processing by UsersController#create as HTML
  Parameters: {"utf8"=>"✓", "authenticity_token"=>"jGSicwqWrdoJ6pLmR7N5CbIWhy7340k7s9yz3z2Vm5Uz6/Fz6jBYH4f4idNRf3mbYiPUfTL+BZWr1NFWK8bGbg==", "user"=>{"name"=>"admin", "login"=>"admin", "password"=>"[FILTERED]", "password_field"=>"[FILTERED]"}, "commit"=>"Create User"}
Unpermitted parameter: password_field
  [1m[35m (0.1ms)[0m  [1m[36mbegin transaction[0m
  [1m[36mUser Exists (0.2ms)[0m  [1m[34mSELECT  1 AS one FROM "users" WHERE "users"."login" = ? LIMIT ?[0m  [["login", "admin"], ["LIMIT", 1]]
  [1m[35m (0.1ms)[0m  [1m[31mrollback transaction[0m
  Rendering users/new.html.erb within layouts/application
  Rendered users/_form.html.erb (3.9ms)
  Rendered users/new.html.erb within layouts/application (5.1ms)
  [1m[36mUser Load (0.2ms)[0m  [1m[34mSELECT  "users".* FROM "users" WHERE "users"."id" IS NULL LIMIT ?[0m  [["LIMIT", 1]]
  [1m[36mCACHE (0.0ms)[0m  [1m[34mSELECT  "users".* FROM "users" WHERE "users"."id" IS NULL LIMIT ?[0m  [["LIMIT", 1]]
  [1m[36mCACHE (0.0ms)[0m  [1m[34mSELECT  "users".* FROM "users" WHERE "users"."id" IS NULL LIMIT ?[0m  [["LIMIT", 1]]
Completed 200 OK in 226ms (Views: 154.3ms | ActiveRecord: 0.6ms)


Started POST "/sign_in" for 10.240.2.147 at 2018-04-19 00:16:36 +0000
Cannot render console from 10.240.2.147! Allowed networks: 127.0.0.1, ::1, 127.0.0.0/127.255.255.255
Processing by SessionsController#create as HTML
  Parameters: {"utf8"=>"✓", "authenticity_token"=>"ENVVmoZM/rfCsbeectfnJXOmFErfHzMrF9Mib+Af0sxvTwuVTkqo2aBnE3z/OpdjTgGEviA32IIivnwSp0+QZw==", "session"=>{"login"=>"admin", "password"=>"[FILTERED]"}, "commit"=>"Log in"}
  [1m[36mUser Load (0.6ms)[0m  [1m[34mSELECT  "users".* FROM "users" WHERE "users"."id" IS NULL LIMIT ?[0m  [["LIMIT", 1]]
  [1m[36mUser Load (0.2ms)[0m  [1m[34mSELECT  "users".* FROM "users" WHERE "users"."login" = ? LIMIT ?[0m  [["login", "admin"], ["LIMIT", 1]]
  [1m[36mCondominio Load (0.2ms)[0m  [1m[34mSELECT "condominios".* FROM "condominios"[0m
Redirected to http://condominio-thiago-thiagoalves.c9users.io:8080/condominios/new
Redirected to 
Completed 500 Internal Server Error in 87ms (ActiveRecord: 1.9ms)


  
ActionController::ActionControllerError (Cannot redirect to nil!):
  
app/controllers/sessions_controller.rb:11:in `create'
  Rendering /usr/local/rvm/gems/ruby-2.4.0/gems/actionpack-5.0.7/lib/action_dispatch/middleware/templates/rescues/diagnostics.html.erb within rescues/layout
  Rendering /usr/local/rvm/gems/ruby-2.4.0/gems/actionpack-5.0.7/lib/action_dispatch/middleware/templates/rescues/_source.html.erb
  Rendered /usr/local/rvm/gems/ruby-2.4.0/gems/actionpack-5.0.7/lib/action_dispatch/middleware/templates/rescues/_source.html.erb (4.1ms)
  Rendering /usr/local/rvm/gems/ruby-2.4.0/gems/actionpack-5.0.7/lib/action_dispatch/middleware/templates/rescues/_trace.html.erb
  Rendered /usr/local/rvm/gems/ruby-2.4.0/gems/actionpack-5.0.7/lib/action_dispatch/middleware/templates/rescues/_trace.html.erb (1.8ms)
  Rendering /usr/local/rvm/gems/ruby-2.4.0/gems/actionpack-5.0.7/lib/action_dispatch/middleware/templates/rescues/_request_and_response.html.erb
  Rendered /usr/local/rvm/gems/ruby-2.4.0/gems/actionpack-5.0.7/lib/action_dispatch/middleware/templates/rescues/_request_and_response.html.erb (1.3ms)
  Rendered /usr/local/rvm/gems/ruby-2.4.0/gems/actionpack-5.0.7/lib/action_dispatch/middleware/templates/rescues/diagnostics.html.erb within rescues/layout (28.6ms)
Started POST "/users" for 10.240.2.147 at 2018-04-19 00:16:51 +0000
Cannot render console from 10.240.2.147! Allowed networks: 127.0.0.1, ::1, 127.0.0.0/127.255.255.255
Processing by UsersController#create as HTML
  Parameters: {"utf8"=>"✓", "authenticity_token"=>"ba8PMDMqBOpOhzOkImeCWmJE7ggDNf8OIAvJG1NciIbSIFww04zxL8CVKJE0q4LIsnG9W8Yos6A4A6uSRQ/VfQ==", "user"=>{"name"=>"admin", "login"=>"admin", "password"=>"[FILTERED]", "password_field"=>"[FILTERED]"}, "commit"=>"Create User"}
Unpermitted parameter: password_field
  [1m[35m (0.1ms)[0m  [1m[36mbegin transaction[0m
  [1m[36mUser Exists (0.2ms)[0m  [1m[34mSELECT  1 AS one FROM "users" WHERE "users"."login" = ? LIMIT ?[0m  [["login", "admin"], ["LIMIT", 1]]
  [1m[35m (0.1ms)[0m  [1m[31mrollback transaction[0m
  Rendering users/new.html.erb within layouts/application
  Rendered users/_form.html.erb (4.1ms)
  Rendered users/new.html.erb within layouts/application (5.2ms)
  [1m[36mUser Load (0.2ms)[0m  [1m[34mSELECT  "users".* FROM "users" WHERE "users"."id" IS NULL LIMIT ?[0m  [["LIMIT", 1]]
  [1m[36mCACHE (0.0ms)[0m  [1m[34mSELECT  "users".* FROM "users" WHERE "users"."id" IS NULL LIMIT ?[0m  [["LIMIT", 1]]
  [1m[36mCACHE (0.0ms)[0m  [1m[34mSELECT  "users".* FROM "users" WHERE "users"."id" IS NULL LIMIT ?[0m  [["LIMIT", 1]]
Completed 200 OK in 67ms (Views: 61.4ms | ActiveRecord: 0.6ms)


Started POST "/users" for 10.240.2.147 at 2018-04-19 00:16:59 +0000
Cannot render console from 10.240.2.147! Allowed networks: 127.0.0.1, ::1, 127.0.0.0/127.255.255.255
Processing by UsersController#create as HTML
  Parameters: {"utf8"=>"✓", "authenticity_token"=>"n69ZiUa2sLuGyOxMsbVqhgGwwo2t54bwJy5tqVr5e0wgIAqJphBFfgja93mneWoU0YWR3mj6yl4/Jg8gTKomtw==", "user"=>{"name"=>"admin", "login"=>"admin", "password"=>"[FILTERED]", "password_field"=>"[FILTERED]"}, "commit"=>"Create User"}
Unpermitted parameter: password_field
  [1m[35m (0.1ms)[0m  [1m[36mbegin transaction[0m
  [1m[36mUser Exists (0.2ms)[0m  [1m[34mSELECT  1 AS one FROM "users" WHERE "users"."login" = ? LIMIT ?[0m  [["login", "admin"], ["LIMIT", 1]]
  [1m[35m (0.1ms)[0m  [1m[31mrollback transaction[0m
  Rendering users/new.html.erb within layouts/application
  Rendered users/_form.html.erb (3.9ms)
  Rendered users/new.html.erb within layouts/application (5.1ms)
  [1m[36mUser Load (0.2ms)[0m  [1m[34mSELECT  "users".* FROM "users" WHERE "users"."id" IS NULL LIMIT ?[0m  [["LIMIT", 1]]
  [1m[36mCACHE (0.0ms)[0m  [1m[34mSELECT  "users".* FROM "users" WHERE "users"."id" IS NULL LIMIT ?[0m  [["LIMIT", 1]]
  [1m[36mCACHE (0.0ms)[0m  [1m[34mSELECT  "users".* FROM "users" WHERE "users"."id" IS NULL LIMIT ?[0m  [["LIMIT", 1]]
Completed 200 OK in 140ms (Views: 69.2ms | ActiveRecord: 0.7ms)


Started GET "/" for 10.240.1.78 at 2018-04-19 00:17:02 +0000
Cannot render console from 10.240.1.78! Allowed networks: 127.0.0.1, ::1, 127.0.0.0/127.255.255.255
Processing by SessionsController#new as HTML
  [1m[36mUser Load (0.3ms)[0m  [1m[34mSELECT  "users".* FROM "users" WHERE "users"."id" IS NULL LIMIT ?[0m  [["LIMIT", 1]]
  Rendering sessions/new.html.erb within layouts/application
  Rendered sessions/new.html.erb within layouts/application (1.8ms)
  [1m[36mCACHE (0.0ms)[0m  [1m[34mSELECT  "users".* FROM "users" WHERE "users"."id" IS NULL LIMIT ?[0m  [["LIMIT", 1]]
  [1m[36mCACHE (0.0ms)[0m  [1m[34mSELECT  "users".* FROM "users" WHERE "users"."id" IS NULL LIMIT ?[0m  [["LIMIT", 1]]
  [1m[36mCACHE (0.0ms)[0m  [1m[34mSELECT  "users".* FROM "users" WHERE "users"."id" IS NULL LIMIT ?[0m  [["LIMIT", 1]]
Completed 200 OK in 62ms (Views: 59.7ms | ActiveRecord: 0.3ms)


Started POST "/sign_in" for 10.240.0.68 at 2018-04-19 00:17:18 +0000
Cannot render console from 10.240.0.68! Allowed networks: 127.0.0.1, ::1, 127.0.0.0/127.255.255.255
Processing by SessionsController#create as HTML
  Parameters: {"utf8"=>"✓", "authenticity_token"=>"ENVVmoZM/rfCsbeectfnJXOmFErfHzMrF9Mib+Af0sxvTwuVTkqo2aBnE3z/OpdjTgGEviA32IIivnwSp0+QZw==", "session"=>{"login"=>"admin", "password"=>"[FILTERED]"}, "commit"=>"Log in"}
  [1m[36mUser Load (0.6ms)[0m  [1m[34mSELECT  "users".* FROM "users" WHERE "users"."id" IS NULL LIMIT ?[0m  [["LIMIT", 1]]
  [1m[36mUser Load (0.1ms)[0m  [1m[34mSELECT  "users".* FROM "users" WHERE "users"."login" = ? LIMIT ?[0m  [["login", "admin"], ["LIMIT", 1]]
  [1m[36mCondominio Load (0.2ms)[0m  [1m[34mSELECT "condominios".* FROM "condominios"[0m
Redirected to http://condominio-thiago-thiagoalves.c9users.io:8080/condominios/new
Redirected to 
Completed 500 Internal Server Error in 95ms (ActiveRecord: 1.9ms)


  
AbstractController::DoubleRenderError (Render and/or redirect were called multiple times in this action. Please note that you may only call render OR redirect, and at most once per action. Also note that neither redirect nor render terminate execution of the action, so if you want to exit an action after redirecting, you need to do something like "redirect_to(...) and return".):
  
app/controllers/sessions_controller.rb:12:in `create'
  Rendering /usr/local/rvm/gems/ruby-2.4.0/gems/actionpack-5.0.7/lib/action_dispatch/middleware/templates/rescues/diagnostics.html.erb within rescues/layout
  Rendering /usr/local/rvm/gems/ruby-2.4.0/gems/actionpack-5.0.7/lib/action_dispatch/middleware/templates/rescues/_source.html.erb
  Rendered /usr/local/rvm/gems/ruby-2.4.0/gems/actionpack-5.0.7/lib/action_dispatch/middleware/templates/rescues/_source.html.erb (3.5ms)
  Rendering /usr/local/rvm/gems/ruby-2.4.0/gems/actionpack-5.0.7/lib/action_dispatch/middleware/templates/rescues/_trace.html.erb
  Rendered /usr/local/rvm/gems/ruby-2.4.0/gems/actionpack-5.0.7/lib/action_dispatch/middleware/templates/rescues/_trace.html.erb (1.7ms)
  Rendering /usr/local/rvm/gems/ruby-2.4.0/gems/actionpack-5.0.7/lib/action_dispatch/middleware/templates/rescues/_request_and_response.html.erb
  Rendered /usr/local/rvm/gems/ruby-2.4.0/gems/actionpack-5.0.7/lib/action_dispatch/middleware/templates/rescues/_request_and_response.html.erb (1.1ms)
  Rendered /usr/local/rvm/gems/ruby-2.4.0/gems/actionpack-5.0.7/lib/action_dispatch/middleware/templates/rescues/diagnostics.html.erb within rescues/layout (26.4ms)
Started GET "/users/new" for 10.240.1.60 at 2018-04-19 00:17:38 +0000
Cannot render console from 10.240.1.60! Allowed networks: 127.0.0.1, ::1, 127.0.0.0/127.255.255.255
Processing by UsersController#new as HTML
  Rendering users/new.html.erb within layouts/application
  Rendered users/_form.html.erb (3.9ms)
  Rendered users/new.html.erb within layouts/application (5.0ms)
  [1m[36mUser Load (0.2ms)[0m  [1m[34mSELECT  "users".* FROM "users" WHERE "users"."id" IS NULL LIMIT ?[0m  [["LIMIT", 1]]
  [1m[36mCACHE (0.0ms)[0m  [1m[34mSELECT  "users".* FROM "users" WHERE "users"."id" IS NULL LIMIT ?[0m  [["LIMIT", 1]]
  [1m[36mCACHE (0.0ms)[0m  [1m[34mSELECT  "users".* FROM "users" WHERE "users"."id" IS NULL LIMIT ?[0m  [["LIMIT", 1]]
Completed 200 OK in 182ms (Views: 180.4ms | ActiveRecord: 0.3ms)


Started POST "/sign_in" for 10.240.1.60 at 2018-04-19 00:17:46 +0000
Cannot render console from 10.240.1.60! Allowed networks: 127.0.0.1, ::1, 127.0.0.0/127.255.255.255
Processing by SessionsController#create as HTML
  Parameters: {"utf8"=>"✓", "authenticity_token"=>"ENVVmoZM/rfCsbeectfnJXOmFErfHzMrF9Mib+Af0sxvTwuVTkqo2aBnE3z/OpdjTgGEviA32IIivnwSp0+QZw==", "session"=>{"login"=>"admin", "password"=>"[FILTERED]"}, "commit"=>"Log in"}
  [1m[36mUser Load (0.6ms)[0m  [1m[34mSELECT  "users".* FROM "users" WHERE "users"."id" IS NULL LIMIT ?[0m  [["LIMIT", 1]]
  [1m[36mUser Load (0.2ms)[0m  [1m[34mSELECT  "users".* FROM "users" WHERE "users"."login" = ? LIMIT ?[0m  [["login", "admin"], ["LIMIT", 1]]
  [1m[36mCondominio Load (0.2ms)[0m  [1m[34mSELECT "condominios".* FROM "condominios"[0m
Redirected to http://condominio-thiago-thiagoalves.c9users.io:8080/condominios/new
Completed 302 Found in 87ms (ActiveRecord: 2.0ms)


Started GET "/condominios/new" for 10.240.1.78 at 2018-04-19 00:17:46 +0000
Cannot render console from 10.240.1.78! Allowed networks: 127.0.0.1, ::1, 127.0.0.0/127.255.255.255
Processing by CondominiosController#new as HTML
  [1m[36mUser Load (0.3ms)[0m  [1m[34mSELECT  "users".* FROM "users" WHERE "users"."id" = ? LIMIT ?[0m  [["id", 1], ["LIMIT", 1]]
  Rendering condominios/new.html.erb within layouts/application
  Rendered condominios/_form.html.erb (4.0ms)
  Rendered condominios/new.html.erb within layouts/application (5.5ms)
  [1m[36mCondominio Load (0.2ms)[0m  [1m[34mSELECT  "condominios".* FROM "condominios" WHERE "condominios"."id" IS NULL LIMIT ?[0m  [["LIMIT", 1]]
Completed 500 Internal Server Error in 82ms (ActiveRecord: 0.8ms)


  
ActionView::Template::Error (undefined method `nome' for nil:NilClass):
    63:             <li>
    64:                 <a href="index.html"> <i class="menu-icon fa fa-dashboard"></i>Dashboard </a>
    65:             </li>
    66:             <h3 class="menu-title"><%= current_condominio.nome %></h3><!-- /.menu-title -->
    67:             <li class="menu-item-has-children active dropdown">
    68:               <%= link_to 'Condominio', current_condominio %>
    69:             </li>
  
app/views/layouts/application.html.erb:66:in `_app_views_layouts_application_html_erb__3235841617190293928_69871679838640'
  Rendering /usr/local/rvm/gems/ruby-2.4.0/gems/actionpack-5.0.7/lib/action_dispatch/middleware/templates/rescues/template_error.html.erb within rescues/layout
  Rendering /usr/local/rvm/gems/ruby-2.4.0/gems/actionpack-5.0.7/lib/action_dispatch/middleware/templates/rescues/_source.html.erb
  Rendered /usr/local/rvm/gems/ruby-2.4.0/gems/actionpack-5.0.7/lib/action_dispatch/middleware/templates/rescues/_source.html.erb (5.5ms)
  Rendering /usr/local/rvm/gems/ruby-2.4.0/gems/actionpack-5.0.7/lib/action_dispatch/middleware/templates/rescues/_trace.html.erb
  Rendered /usr/local/rvm/gems/ruby-2.4.0/gems/actionpack-5.0.7/lib/action_dispatch/middleware/templates/rescues/_trace.html.erb (2.6ms)
  Rendering /usr/local/rvm/gems/ruby-2.4.0/gems/actionpack-5.0.7/lib/action_dispatch/middleware/templates/rescues/_request_and_response.html.erb
  Rendered /usr/local/rvm/gems/ruby-2.4.0/gems/actionpack-5.0.7/lib/action_dispatch/middleware/templates/rescues/_request_and_response.html.erb (1.1ms)
  Rendered /usr/local/rvm/gems/ruby-2.4.0/gems/actionpack-5.0.7/lib/action_dispatch/middleware/templates/rescues/template_error.html.erb within rescues/layout (32.8ms)
Started GET "/condominios/new" for 10.240.2.147 at 2018-04-19 00:18:47 +0000
Cannot render console from 10.240.2.147! Allowed networks: 127.0.0.1, ::1, 127.0.0.0/127.255.255.255
Processing by CondominiosController#new as HTML
  [1m[36mUser Load (0.2ms)[0m  [1m[34mSELECT  "users".* FROM "users" WHERE "users"."id" = ? LIMIT ?[0m  [["id", 1], ["LIMIT", 1]]
  Rendering condominios/new.html.erb within layouts/application
  Rendered condominios/_form.html.erb (3.3ms)
  Rendered condominios/new.html.erb within layouts/application (4.9ms)
  [1m[36mCondominio Load (0.2ms)[0m  [1m[34mSELECT  "condominios".* FROM "condominios" WHERE "condominios"."id" IS NULL LIMIT ?[0m  [["LIMIT", 1]]
Completed 500 Internal Server Error in 74ms (ActiveRecord: 0.4ms)


  
ActionView::Template::Error (undefined method `nome' for nil:NilClass):
    63:             <li>
    64:                 <a href="index.html"> <i class="menu-icon fa fa-dashboard"></i>Dashboard </a>
    65:             </li>
    66:             <h3 class="menu-title"><%= current_condominio.nome %></h3><!-- /.menu-title -->
    67:             <li class="menu-item-has-children active dropdown">
    68:               <%= link_to 'Condominio', current_condominio %>
    69:             </li>
  
app/views/layouts/application.html.erb:66:in `_app_views_layouts_application_html_erb__3235841617190293928_69871672761740'
  Rendering /usr/local/rvm/gems/ruby-2.4.0/gems/actionpack-5.0.7/lib/action_dispatch/middleware/templates/rescues/template_error.html.erb within rescues/layout
  Rendering /usr/local/rvm/gems/ruby-2.4.0/gems/actionpack-5.0.7/lib/action_dispatch/middleware/templates/rescues/_source.html.erb
  Rendered /usr/local/rvm/gems/ruby-2.4.0/gems/actionpack-5.0.7/lib/action_dispatch/middleware/templates/rescues/_source.html.erb (5.7ms)
  Rendering /usr/local/rvm/gems/ruby-2.4.0/gems/actionpack-5.0.7/lib/action_dispatch/middleware/templates/rescues/_trace.html.erb
  Rendered /usr/local/rvm/gems/ruby-2.4.0/gems/actionpack-5.0.7/lib/action_dispatch/middleware/templates/rescues/_trace.html.erb (12.2ms)
  Rendering /usr/local/rvm/gems/ruby-2.4.0/gems/actionpack-5.0.7/lib/action_dispatch/middleware/templates/rescues/_request_and_response.html.erb
  Rendered /usr/local/rvm/gems/ruby-2.4.0/gems/actionpack-5.0.7/lib/action_dispatch/middleware/templates/rescues/_request_and_response.html.erb (1.0ms)
  Rendered /usr/local/rvm/gems/ruby-2.4.0/gems/actionpack-5.0.7/lib/action_dispatch/middleware/templates/rescues/template_error.html.erb within rescues/layout (40.5ms)
Started GET "/condominios/new" for 10.240.1.136 at 2018-04-19 00:18:59 +0000
Cannot render console from 10.240.1.136! Allowed networks: 127.0.0.1, ::1, 127.0.0.0/127.255.255.255
Processing by CondominiosController#new as HTML
  [1m[36mUser Load (0.1ms)[0m  [1m[34mSELECT  "users".* FROM "users" WHERE "users"."id" = ? LIMIT ?[0m  [["id", 1], ["LIMIT", 1]]
  Rendering condominios/new.html.erb within layouts/application
  Rendered condominios/_form.html.erb (3.2ms)
  Rendered condominios/new.html.erb within layouts/application (4.7ms)
  [1m[36mCondominio Load (0.2ms)[0m  [1m[34mSELECT  "condominios".* FROM "condominios" WHERE "condominios"."id" IS NULL LIMIT ?[0m  [["LIMIT", 1]]
Completed 500 Internal Server Error in 60ms (ActiveRecord: 0.4ms)


  
ActionView::Template::Error (undefined method `nome' for nil:NilClass):
    63:             <li>
    64:                 <a href="index.html"> <i class="menu-icon fa fa-dashboard"></i>Dashboard </a>
    65:             </li>
    66:             <h3 class="menu-title"><%= current_condominio.nome %></h3><!-- /.menu-title -->
    67:             <li class="menu-item-has-children active dropdown">
    68:               <%= link_to 'Condominio', current_condominio %>
    69:             </li>
  
app/views/layouts/application.html.erb:66:in `_app_views_layouts_application_html_erb__3235841617190293928_69871685375260'
  Rendering /usr/local/rvm/gems/ruby-2.4.0/gems/actionpack-5.0.7/lib/action_dispatch/middleware/templates/rescues/template_error.html.erb within rescues/layout
  Rendering /usr/local/rvm/gems/ruby-2.4.0/gems/actionpack-5.0.7/lib/action_dispatch/middleware/templates/rescues/_source.html.erb
  Rendered /usr/local/rvm/gems/ruby-2.4.0/gems/actionpack-5.0.7/lib/action_dispatch/middleware/templates/rescues/_source.html.erb (4.8ms)
  Rendering /usr/local/rvm/gems/ruby-2.4.0/gems/actionpack-5.0.7/lib/action_dispatch/middleware/templates/rescues/_trace.html.erb
  Rendered /usr/local/rvm/gems/ruby-2.4.0/gems/actionpack-5.0.7/lib/action_dispatch/middleware/templates/rescues/_trace.html.erb (1.9ms)
  Rendering /usr/local/rvm/gems/ruby-2.4.0/gems/actionpack-5.0.7/lib/action_dispatch/middleware/templates/rescues/_request_and_response.html.erb
  Rendered /usr/local/rvm/gems/ruby-2.4.0/gems/actionpack-5.0.7/lib/action_dispatch/middleware/templates/rescues/_request_and_response.html.erb (0.8ms)
  Rendered /usr/local/rvm/gems/ruby-2.4.0/gems/actionpack-5.0.7/lib/action_dispatch/middleware/templates/rescues/template_error.html.erb within rescues/layout (29.1ms)
Started GET "/condominios/new" for 10.240.1.136 at 2018-04-19 00:19:08 +0000
Cannot render console from 10.240.1.136! Allowed networks: 127.0.0.1, ::1, 127.0.0.0/127.255.255.255
Processing by CondominiosController#new as HTML
  [1m[36mUser Load (0.2ms)[0m  [1m[34mSELECT  "users".* FROM "users" WHERE "users"."id" = ? LIMIT ?[0m  [["id", 1], ["LIMIT", 1]]
  Rendering condominios/new.html.erb within layouts/application
  Rendered condominios/_form.html.erb (3.3ms)
  Rendered condominios/new.html.erb within layouts/application (4.7ms)
  [1m[36mCondominio Load (0.3ms)[0m  [1m[34mSELECT  "condominios".* FROM "condominios" WHERE "condominios"."id" IS NULL LIMIT ?[0m  [["LIMIT", 1]]
Completed 200 OK in 62ms (Views: 59.8ms | ActiveRecord: 0.4ms)


Started POST "/condominios" for 10.240.0.68 at 2018-04-19 00:19:30 +0000
Cannot render console from 10.240.0.68! Allowed networks: 127.0.0.1, ::1, 127.0.0.0/127.255.255.255
Processing by CondominiosController#create as HTML
  Parameters: {"utf8"=>"✓", "authenticity_token"=>"eWUwECOgggnfnRX46vpBdtiq87F3eKg/74946FiOthMG/24f66bUZ71LsRpnFzEw5Q1jRYhQQ5ba4iaVH970uA==", "condominio"=>{"nome"=>"Thiago Cond", "saldo"=>"200", "fundo_reserva"=>"200"}, "commit"=>"Create Condominio"}
  [1m[36mUser Load (0.6ms)[0m  [1m[34mSELECT  "users".* FROM "users" WHERE "users"."id" = ? LIMIT ?[0m  [["id", 1], ["LIMIT", 1]]
  [1m[35m (0.1ms)[0m  [1m[36mbegin transaction[0m
  [1m[35mSQL (0.5ms)[0m  [1m[32mINSERT INTO "condominios" ("saldo", "fundo_reserva", "created_at", "updated_at", "nome") VALUES (?, ?, ?, ?, ?)[0m  [["saldo", 200.0], ["fundo_reserva", 200.0], ["created_at", "2018-04-19 00:19:30.864281"], ["updated_at", "2018-04-19 00:19:30.864281"], ["nome", "Thiago Cond"]]
  [1m[35m (11.5ms)[0m  [1m[36mcommit transaction[0m
Redirected to http://condominio-thiago-thiagoalves.c9users.io:8080/condominios/1
Completed 302 Found in 19ms (ActiveRecord: 12.8ms)


Started GET "/condominios/1" for 10.240.1.78 at 2018-04-19 00:19:31 +0000
Cannot render console from 10.240.1.78! Allowed networks: 127.0.0.1, ::1, 127.0.0.0/127.255.255.255
Processing by CondominiosController#show as HTML
  Parameters: {"id"=>"1"}
  [1m[36mCondominio Load (0.3ms)[0m  [1m[34mSELECT  "condominios".* FROM "condominios" WHERE "condominios"."id" = ? LIMIT ?[0m  [["id", 1], ["LIMIT", 1]]
  [1m[36mUser Load (0.1ms)[0m  [1m[34mSELECT  "users".* FROM "users" WHERE "users"."id" IS NULL LIMIT ?[0m  [["LIMIT", 1]]
Redirected to http://condominio-thiago-thiagoalves.c9users.io:8080/
Filter chain halted as :authorize rendered or redirected
Completed 302 Found in 3ms (ActiveRecord: 0.4ms)


Started GET "/" for 10.240.2.147 at 2018-04-19 00:19:31 +0000
Cannot render console from 10.240.2.147! Allowed networks: 127.0.0.1, ::1, 127.0.0.0/127.255.255.255
Processing by SessionsController#new as HTML
  [1m[36mUser Load (0.6ms)[0m  [1m[34mSELECT  "users".* FROM "users" WHERE "users"."id" IS NULL LIMIT ?[0m  [["LIMIT", 1]]
  Rendering sessions/new.html.erb within layouts/application
  Rendered sessions/new.html.erb within layouts/application (2.0ms)
  [1m[36mCACHE (0.0ms)[0m  [1m[34mSELECT  "users".* FROM "users" WHERE "users"."id" IS NULL LIMIT ?[0m  [["LIMIT", 1]]
  [1m[36mCACHE (0.0ms)[0m  [1m[34mSELECT  "users".* FROM "users" WHERE "users"."id" IS NULL LIMIT ?[0m  [["LIMIT", 1]]
  [1m[36mCACHE (0.0ms)[0m  [1m[34mSELECT  "users".* FROM "users" WHERE "users"."id" IS NULL LIMIT ?[0m  [["LIMIT", 1]]
Completed 200 OK in 60ms (Views: 57.7ms | ActiveRecord: 0.6ms)


Started POST "/sign_in" for 10.240.1.136 at 2018-04-19 00:19:38 +0000
Cannot render console from 10.240.1.136! Allowed networks: 127.0.0.1, ::1, 127.0.0.0/127.255.255.255
Processing by SessionsController#create as HTML
  Parameters: {"utf8"=>"✓", "authenticity_token"=>"QERQ7LyAus1ZjvMVn0LJKpzHc8L7m3Z8+dvjvBdFI+w/3g7jdIbsoztYV/cSr7lsoWDjNgSzndXMtr3BUBVhRw==", "session"=>{"login"=>"admin", "password"=>"[FILTERED]"}, "commit"=>"Log in"}
  [1m[36mUser Load (0.3ms)[0m  [1m[34mSELECT  "users".* FROM "users" WHERE "users"."id" IS NULL LIMIT ?[0m  [["LIMIT", 1]]
  [1m[36mUser Load (0.2ms)[0m  [1m[34mSELECT  "users".* FROM "users" WHERE "users"."login" = ? LIMIT ?[0m  [["login", "admin"], ["LIMIT", 1]]
  [1m[36mCondominio Load (0.3ms)[0m  [1m[34mSELECT "condominios".* FROM "condominios"[0m
Redirected to http://condominio-thiago-thiagoalves.c9users.io:8080/condominios/1
Completed 302 Found in 71ms (ActiveRecord: 0.7ms)


Started GET "/condominios/1" for 10.240.0.42 at 2018-04-19 00:19:39 +0000
Cannot render console from 10.240.0.42! Allowed networks: 127.0.0.1, ::1, 127.0.0.0/127.255.255.255
Processing by CondominiosController#show as HTML
  Parameters: {"id"=>"1"}
  [1m[36mCondominio Load (0.1ms)[0m  [1m[34mSELECT  "condominios".* FROM "condominios" WHERE "condominios"."id" = ? LIMIT ?[0m  [["id", 1], ["LIMIT", 1]]
  [1m[36mUser Load (0.1ms)[0m  [1m[34mSELECT  "users".* FROM "users" WHERE "users"."id" = ? LIMIT ?[0m  [["id", 1], ["LIMIT", 1]]
  [1m[36mCondominio Load (0.1ms)[0m  [1m[34mSELECT  "condominios".* FROM "condominios" WHERE "condominios"."id" = ? LIMIT ?[0m  [["id", 1], ["LIMIT", 1]]
  Rendering condominios/show.html.erb within layouts/application
  [1m[36mApartamento Load (0.2ms)[0m  [1m[34mSELECT "apartamentos".* FROM "apartamentos" WHERE "apartamentos"."condominio_id" = ? AND "apartamentos"."ativo" = ?[0m  [["condominio_id", 1], ["ativo", "t"]]
  Rendered apartamentos/_list.html.erb (1.4ms)
  Rendered condominios/show.html.erb within layouts/application (3.6ms)
Completed 200 OK in 86ms (Views: 71.9ms | ActiveRecord: 1.0ms)


Started GET "/condominios/1" for 10.240.0.171 at 2018-04-19 00:42:16 +0000
Cannot render console from 10.240.0.171! Allowed networks: 127.0.0.1, ::1, 127.0.0.0/127.255.255.255
  [1m[36mActiveRecord::SchemaMigration Load (0.2ms)[0m  [1m[34mSELECT "schema_migrations".* FROM "schema_migrations"[0m
Processing by CondominiosController#show as HTML
  Parameters: {"id"=>"1"}
  [1m[36mCondominio Load (0.2ms)[0m  [1m[34mSELECT  "condominios".* FROM "condominios" WHERE "condominios"."id" = ? LIMIT ?[0m  [["id", 1], ["LIMIT", 1]]
  [1m[36mUser Load (0.1ms)[0m  [1m[34mSELECT  "users".* FROM "users" WHERE "users"."id" = ? LIMIT ?[0m  [["id", 1], ["LIMIT", 1]]
  [1m[36mCondominio Load (0.1ms)[0m  [1m[34mSELECT  "condominios".* FROM "condominios" WHERE "condominios"."id" = ? LIMIT ?[0m  [["id", 1], ["LIMIT", 1]]
  Rendering condominios/show.html.erb within layouts/application
  [1m[36mApartamento Load (0.3ms)[0m  [1m[34mSELECT "apartamentos".* FROM "apartamentos" WHERE "apartamentos"."condominio_id" = ? AND "apartamentos"."ativo" = ?[0m  [["condominio_id", 1], ["ativo", "t"]]
  Rendered apartamentos/_list.html.erb (1.5ms)
  Rendered condominios/show.html.erb within layouts/application (7.6ms)
Completed 200 OK in 962ms (Views: 911.7ms | ActiveRecord: 2.4ms)


Started POST "/sign_in" for 10.240.0.116 at 2018-04-19 00:42:21 +0000
Cannot render console from 10.240.0.116! Allowed networks: 127.0.0.1, ::1, 127.0.0.0/127.255.255.255
Processing by SessionsController#create as HTML
  Parameters: {"utf8"=>"✓", "authenticity_token"=>"xNTsEwDhZdE4c06KxMp0D6LsK4rzHT1X84edz+aVVCS7TrIcyOczv1ql6mhJJwRJn0u7fgw11v7G6sOyocUWjw==", "session"=>{"login"=>"admin", "password"=>"[FILTERED]"}, "commit"=>"Log in"}
  [1m[36mUser Load (0.1ms)[0m  [1m[34mSELECT  "users".* FROM "users" WHERE "users"."id" = ? LIMIT ?[0m  [["id", 1], ["LIMIT", 1]]
  [1m[36mCondominio Load (0.1ms)[0m  [1m[34mSELECT  "condominios".* FROM "condominios" WHERE "condominios"."id" = ? LIMIT ?[0m  [["id", 1], ["LIMIT", 1]]
Redirected to http://condominio-thiago-thiagoalves.c9users.io:8080/condominios/1
Filter chain halted as :block_access rendered or redirected
Completed 302 Found in 3ms (ActiveRecord: 0.2ms)


Started GET "/condominios/1" for 10.240.0.68 at 2018-04-19 00:42:21 +0000
Cannot render console from 10.240.0.68! Allowed networks: 127.0.0.1, ::1, 127.0.0.0/127.255.255.255
Processing by CondominiosController#show as HTML
  Parameters: {"id"=>"1"}
  [1m[36mCondominio Load (0.1ms)[0m  [1m[34mSELECT  "condominios".* FROM "condominios" WHERE "condominios"."id" = ? LIMIT ?[0m  [["id", 1], ["LIMIT", 1]]
  [1m[36mUser Load (0.1ms)[0m  [1m[34mSELECT  "users".* FROM "users" WHERE "users"."id" = ? LIMIT ?[0m  [["id", 1], ["LIMIT", 1]]
  [1m[36mCondominio Load (0.1ms)[0m  [1m[34mSELECT  "condominios".* FROM "condominios" WHERE "condominios"."id" = ? LIMIT ?[0m  [["id", 1], ["LIMIT", 1]]
  Rendering condominios/show.html.erb within layouts/application
  [1m[36mApartamento Load (0.3ms)[0m  [1m[34mSELECT "apartamentos".* FROM "apartamentos" WHERE "apartamentos"."condominio_id" = ? AND "apartamentos"."ativo" = ?[0m  [["condominio_id", 1], ["ativo", "t"]]
  Rendered apartamentos/_list.html.erb (1.5ms)
  Rendered condominios/show.html.erb within layouts/application (3.4ms)
Completed 200 OK in 67ms (Views: 63.9ms | ActiveRecord: 0.6ms)


